2026-02-26T05:07:55.463Z [info]: [0mPOST /api/auth/login [33m401[0m 49.213 ms - 33[0m
2026-02-26T05:19:12.665Z [info]: [0mPOST /api/auth/register [32m201[0m 153.005 ms - 74[0m
2026-02-26T05:19:19.987Z [info]: [0mPOST /api/auth/login [32m200[0m 103.455 ms - 258[0m
2026-02-26T05:19:20.046Z [info]: [0mGET /api/gatepasses/mine [32m200[0m 21.562 ms - 2[0m
2026-02-26T05:19:20.064Z [info]: [0mGET /api/gatepasses/mine [36m304[0m 5.415 ms - -[0m
2026-02-26T05:21:11.629Z [info]: [0mPOST /api/gatepasses [32m201[0m 31.618 ms - 442[0m
2026-02-26T05:21:11.643Z [info]: [0mGET /api/gatepasses/mine [32m200[0m 5.844 ms - 391[0m
2026-02-26T05:27:28.921Z [info]: [0mPOST /api/auth/login [32m200[0m 162.983 ms - 258[0m
2026-02-26T05:27:28.980Z [info]: [0mGET /api/gatepasses/mine [36m304[0m 21.148 ms - -[0m
2026-02-26T05:27:28.997Z [info]: [0mGET /api/gatepasses/mine [36m304[0m 5.033 ms - -[0m
2026-02-26T05:27:31.262Z [info]: [0mGET /api/gatepasses/1/history [32m200[0m 16.210 ms - 208[0m
2026-02-26T05:27:31.269Z [info]: [0mGET /api/gatepasses/1 [32m200[0m 27.600 ms - 600[0m
2026-02-26T05:27:31.273Z [info]: [0mGET /api/gatepasses/1/history [36m304[0m 6.408 ms - -[0m
2026-02-26T05:27:31.291Z [info]: [0mGET /api/gatepasses/1 [36m304[0m 13.288 ms - -[0m
2026-02-26T05:28:01.516Z [info]: [0mPOST /api/auth/login [33m401[0m 6.662 ms - 33[0m
2026-02-26T05:28:12.541Z [info]: [0mPOST /api/auth/login [33m401[0m 2.242 ms - 33[0m
2026-02-26T05:29:24.131Z [info]: [0mPOST /api/auth/login [33m401[0m 1.718 ms - 33[0m
2026-02-26T05:41:26.484Z [info]: [0mPOST /api/auth/login [33m401[0m 39.386 ms - 33[0m
2026-02-26T05:46:45.774Z [info]: [0mPOST /api/auth/login [33m401[0m 38.029 ms - 33[0m
2026-02-26T05:46:49.683Z [info]: [0mPOST /api/auth/login [33m401[0m 3.243 ms - 33[0m
2026-02-26T05:46:50.526Z [info]: [0mPOST /api/auth/login [33m401[0m 1.951 ms - 33[0m
2026-02-26T05:46:51.300Z [info]: [0mPOST /api/auth/login [33m401[0m 3.436 ms - 33[0m
2026-02-26T05:46:51.994Z [info]: [0mPOST /api/auth/login [33m401[0m 2.266 ms - 33[0m
2026-02-26T05:46:52.695Z [info]: [0mPOST /api/auth/login [33m401[0m 2.391 ms - 33[0m
2026-02-26T05:47:25.197Z [info]: [0mPOST /api/auth/login [33m401[0m 7.454 ms - 33[0m
2026-02-26T05:47:26.254Z [info]: [0mPOST /api/auth/login [33m401[0m 1.364 ms - 33[0m
2026-02-26T05:54:04.890Z [info]: [0mPOST /api/auth/login [33m401[0m 41.174 ms - 33[0m
2026-02-26T05:54:06.490Z [info]: [0mPOST /api/auth/login [33m401[0m 4.521 ms - 33[0m
2026-02-26T05:54:07.298Z [info]: [0mPOST /api/auth/login [33m401[0m 2.062 ms - 33[0m
2026-02-26T05:54:08.444Z [info]: [0mPOST /api/auth/login [33m401[0m 3.479 ms - 33[0m
2026-02-26T05:54:09.174Z [info]: [0mPOST /api/auth/login [33m401[0m 4.244 ms - 33[0m
2026-02-26T05:54:09.913Z [info]: [0mPOST /api/auth/login [33m401[0m 1.609 ms - 33[0m
2026-02-26T06:01:46.578Z [info]: [0mPOST /api/auth/login [33m401[0m 46.271 ms - 33[0m
2026-02-26T06:03:42.917Z [info]: [0mPOST /api/auth/register [32m201[0m 150.048 ms - 74[0m
2026-02-26T06:03:58.609Z [info]: [0mPOST /api/auth/login [32m200[0m 108.770 ms - 248[0m
2026-02-26T06:03:58.638Z [info]: [0mGET /api/gatepasses/mine [32m200[0m 8.441 ms - 2[0m
2026-02-26T06:03:58.647Z [info]: [0mGET /api/gatepasses/mine [36m304[0m 3.634 ms - -[0m
2026-02-26T06:07:25.653Z [info]: [0mPOST /api/gatepasses [32m201[0m 33.142 ms - 442[0m
2026-02-26T06:07:25.663Z [info]: [0mGET /api/gatepasses/mine [32m200[0m 2.603 ms - 400[0m
2026-02-26T06:07:49.177Z [info]: [0mPOST /api/auth/login [33m401[0m 1.440 ms - 33[0m
2026-02-26T06:12:31.705Z [info]: [0mPOST /api/auth/login [33m401[0m 38.012 ms - 33[0m
2026-02-26T06:44:44.552Z [info]: [0mPOST /api/auth/register [32m201[0m 156.844 ms - 74[0m
2026-02-26T06:44:59.477Z [info]: [0mPOST /api/auth/login [32m200[0m 95.568 ms - 248[0m
2026-02-26T06:44:59.509Z [info]: [0mGET /api/gatepasses/mine [32m200[0m 9.835 ms - 2[0m
2026-02-26T06:44:59.515Z [info]: [0mGET /api/gatepasses/mine [36m304[0m 3.661 ms - -[0m
2026-02-26T06:46:37.775Z [info]: [0mPOST /api/gatepasses [32m201[0m 15.072 ms - 458[0m
2026-02-26T06:46:37.785Z [info]: [0mGET /api/gatepasses/mine [32m200[0m 2.446 ms - 416[0m
2026-02-26T06:46:56.098Z [info]: [0mGET /api/gatepasses/3 [32m200[0m 18.173 ms - 617[0m
2026-02-26T06:46:56.106Z [info]: [0mGET /api/gatepasses/3/history [32m200[0m 23.236 ms - 199[0m
2026-02-26T06:46:56.128Z [info]: [0mGET /api/gatepasses/3/history [36m304[0m 8.222 ms - -[0m
2026-02-26T06:46:56.137Z [info]: [0mGET /api/gatepasses/3 [36m304[0m 21.209 ms - -[0m
2026-02-26T06:47:24.676Z [info]: [0mPOST /api/auth/login [33m401[0m 1.908 ms - 33[0m
2026-02-26T06:47:54.380Z [info]: [0mPOST /api/auth/login [33m401[0m 1.399 ms - 33[0m
2026-02-26T07:02:27.796Z [info]: [0mPOST /api/auth/login [32m200[0m 150.251 ms - 258[0m
2026-02-26T07:02:27.868Z [info]: [0mGET /api/gatepasses/mine [36m304[0m 25.020 ms - -[0m
2026-02-26T07:02:27.885Z [info]: [0mGET /api/gatepasses/mine [36m304[0m 12.828 ms - -[0m
2026-02-26T07:02:40.120Z [info]: [0mPOST /api/auth/login [33m401[0m 8.550 ms - 33[0m
2026-02-26T07:03:33.843Z [info]: [0mPOST /api/auth/login [33m401[0m 2.385 ms - 33[0m
2026-02-26T07:04:28.808Z [info]: [0mPOST /api/auth/login [33m401[0m 41.222 ms - 33[0m
2026-02-26T07:04:35.144Z [info]: [0mPOST /api/auth/login [33m401[0m 4.017 ms - 33[0m
2026-02-26T07:04:35.938Z [info]: [0mPOST /api/auth/login [33m401[0m 3.279 ms - 33[0m
2026-02-26T07:04:36.563Z [info]: [0mPOST /api/auth/login [33m401[0m 4.945 ms - 33[0m
2026-02-26T07:04:37.007Z [info]: [0mPOST /api/auth/login [33m401[0m 7.642 ms - 33[0m
2026-02-26T07:04:37.211Z [info]: [0mPOST /api/auth/login [33m401[0m 3.334 ms - 33[0m
2026-02-26T07:04:37.390Z [info]: [0mPOST /api/auth/login [33m401[0m 1.733 ms - 33[0m
2026-02-26T07:04:37.592Z [info]: [0mPOST /api/auth/login [33m401[0m 1.416 ms - 33[0m
2026-02-26T07:04:37.793Z [info]: [0mPOST /api/auth/login [33m401[0m 2.294 ms - 33[0m
2026-02-26T07:04:37.971Z [info]: [0mPOST /api/auth/login [33m401[0m 2.295 ms - 33[0m
2026-02-26T07:04:38.145Z [info]: [0mPOST /api/auth/login [33m401[0m 1.405 ms - 33[0m
2026-02-26T07:04:38.306Z [info]: [0mPOST /api/auth/login [33m401[0m 1.109 ms - 33[0m
2026-02-26T07:04:38.492Z [info]: [0mPOST /api/auth/login [33m401[0m 1.011 ms - 33[0m
2026-02-26T07:04:38.687Z [info]: [0mPOST /api/auth/login [33m401[0m 1.872 ms - 33[0m
2026-02-26T07:04:38.859Z [info]: [0mPOST /api/auth/login [33m401[0m 2.785 ms - 33[0m
2026-02-26T07:04:39.031Z [info]: [0mPOST /api/auth/login [33m401[0m 2.487 ms - 33[0m
2026-02-26T07:04:39.207Z [info]: [0mPOST /api/auth/login [33m401[0m 4.386 ms - 33[0m
2026-02-26T07:04:39.389Z [info]: [0mPOST /api/auth/login [33m401[0m 2.485 ms - 33[0m
2026-02-26T07:04:39.562Z [info]: [0mPOST /api/auth/login [33m401[0m 2.622 ms - 33[0m
2026-02-26T07:04:39.710Z [info]: [0mPOST /api/auth/login [33m401[0m 1.241 ms - 33[0m
2026-02-26T07:04:39.928Z [info]: [0mPOST /api/auth/login [33m401[0m 1.055 ms - 33[0m
2026-02-26T07:23:58.631Z [info]: [0mPOST /api/auth/login [33m401[0m 48.028 ms - 33[0m
2026-02-26T07:58:24.613Z [info]: [0mPOST /api/auth/login [33m401[0m 41.983 ms - 33[0m
2026-02-26T07:58:33.079Z [info]: [0mPOST /api/auth/login [33m401[0m 4.115 ms - 33[0m
2026-02-26T08:18:59.941Z [info]: [0mPOST /api/auth/login [32m200[0m 224.272 ms - 248[0m
2026-02-26T08:18:59.975Z [info]: [0mGET /api/gatepasses/mine [36m304[0m 11.696 ms - -[0m
2026-02-26T08:18:59.986Z [info]: [0mGET /api/gatepasses/mine [36m304[0m 8.452 ms - -[0m
2026-02-26T08:19:34.286Z [info]: [0mPOST /api/auth/login [33m401[0m 7.542 ms - 33[0m
2026-02-26T08:24:07.607Z [info]: [0mPOST /api/auth/login [33m401[0m 96.721 ms - 33[0m
2026-02-26T08:30:52.293Z [info]: [0mPOST /api/auth/login [33m401[0m 99.509 ms - 33[0m
2026-02-26T08:32:40.270Z [info]: [0mPOST /api/auth/login [33m401[0m 102.378 ms - 33[0m
2026-02-26T08:35:36.788Z [info]: [0mPOST /api/auth/login [33m401[0m 103.319 ms - 33[0m
2026-02-26T08:36:29.641Z [info]: [0mPOST /api/auth/login [33m401[0m 3.583 ms - 33[0m
2026-02-26T08:37:44.202Z [info]: [0mGET /api/health [32m200[0m 59.785 ms - 116[0m
2026-02-26T08:37:59.494Z [info]: [0mPOST /api/auth/register [32m201[0m 128.728 ms - 74[0m
2026-02-26T08:42:30.961Z [info]: [0mPOST /api/auth/login [33m401[0m 45.805 ms - 33[0m
2026-02-26T08:44:56.443Z [info]: [0mPOST /api/auth/login [33m401[0m 73.182 ms - 33[0m
2026-02-26T08:48:26.683Z [info]: [0mPOST /api/auth/login [33m401[0m 71.365 ms - 33[0m
2026-02-26T08:52:57.008Z [info]: [0mPOST /api/auth/login [33m401[0m 74.741 ms - 33[0m
2026-02-26T08:53:04.570Z [info]: [0mGET /api/health [32m200[0m 4.895 ms - 116[0m
2026-02-26T13:46:33.427Z [info]: [0mGET /api/gatepasses/mine [31m500[0m 69.759 ms - 48[0m
2026-02-26T13:46:33.451Z [info]: [0mGET /api/gatepasses/mine [31m500[0m 13.115 ms - 48[0m
2026-02-26T13:48:20.313Z [info]: [0mGET /api/gatepasses/mine [31m500[0m 64.383 ms - 61[0m
2026-02-26T13:48:20.331Z [info]: [0mGET /api/gatepasses/mine [31m500[0m 9.351 ms - 61[0m
2026-02-26T13:49:56.683Z [info]: [0mPOST /api/gatepasses [31m500[0m 15.007 ms - 59[0m
2026-02-26T13:50:35.239Z [info]: [0mPOST /api/auth/login [31m500[0m 92.298 ms - 59[0m
2026-02-26T13:51:14.383Z [info]: [0mPOST /api/auth/register [31m500[0m 117.325 ms - 54[0m
2026-02-26T13:57:56.289Z [info]: [0mPOST /api/auth/register [32m201[0m 154.423 ms - 74[0m
2026-02-26T13:57:59.142Z [info]: [0mPOST /api/auth/login [32m200[0m 42.443 ms - 255[0m
2026-02-26T13:57:59.184Z [info]: [0mGET /api/gatepasses/mine [32m200[0m 22.872 ms - 2[0m
2026-02-26T13:57:59.195Z [info]: [0mGET /api/gatepasses/mine [36m304[0m 2.985 ms - -[0m
2026-02-26T13:59:32.313Z [info]: [0mPOST /api/gatepasses [32m201[0m 25.672 ms - 443[0m
2026-02-26T13:59:32.323Z [info]: [0mGET /api/gatepasses/mine [32m200[0m 2.707 ms - 394[0m
2026-02-26T14:04:54.722Z [info]: [0mPOST /api/auth/register [32m201[0m 146.444 ms - 74[0m
2026-02-26T14:05:04.508Z [info]: [0mPOST /api/auth/login [32m200[0m 43.240 ms - 255[0m
2026-02-26T14:05:04.551Z [info]: [0mGET /api/gatepasses/mine [32m200[0m 14.266 ms - 2[0m
2026-02-26T14:05:04.560Z [info]: [0mGET /api/gatepasses/mine [36m304[0m 3.409 ms - -[0m
2026-02-26T14:05:35.946Z [info]: [0mPOST /api/gatepasses [32m201[0m 26.558 ms - 442[0m
2026-02-26T14:05:35.956Z [info]: [0mGET /api/gatepasses/mine [32m200[0m 2.461 ms - 393[0m
2026-02-26T14:06:23.243Z [info]: [0mPOST /api/auth/login [32m200[0m 9.260 ms - 254[0m
2026-02-26T14:06:23.300Z [info]: [0mGET /api/admin/users [32m200[0m 21.088 ms - 684[0m
2026-02-26T14:06:23.322Z [info]: [0mGET /api/admin/users [36m304[0m 11.339 ms - -[0m
2026-02-26T14:06:48.300Z [info]: [0mPOST /api/auth/login [32m200[0m 9.161 ms - 274[0m
2026-02-26T14:06:48.314Z [info]: [0mGET /api/gatepasses/store/pending [32m200[0m 8.162 ms - 421[0m
2026-02-26T14:06:48.340Z [info]: [0mGET /api/gatepasses/store/pending [36m304[0m 9.507 ms - -[0m
2026-02-26T14:07:01.966Z [info]: [0mGET /api/gatepasses/1 [32m200[0m 21.033 ms - 604[0m
2026-02-26T14:07:01.968Z [info]: [0mGET /api/gatepasses/1/history [32m200[0m 20.549 ms - 206[0m
2026-02-26T14:07:01.983Z [info]: [0mGET /api/gatepasses/1/history [36m304[0m 10.353 ms - -[0m
2026-02-26T14:07:01.988Z [info]: [0mGET /api/gatepasses/1 [36m304[0m 17.976 ms - -[0m
2026-02-26T14:07:29.607Z [info]: [0mGET /api/gatepasses/store/pending [36m304[0m 3.387 ms - -[0m
2026-02-26T14:07:29.616Z [info]: [0mGET /api/gatepasses/store/pending [36m304[0m 6.856 ms - -[0m
2026-02-26T14:07:39.969Z [info]: [0mPOST /api/gatepasses/store/1/verify [32m200[0m 12.877 ms - 433[0m
2026-02-26T14:07:39.975Z [info]: [0mGET /api/gatepasses/store/pending [32m200[0m 2.117 ms - 2[0m
2026-02-26T14:08:09.528Z [info]: [0mPOST /api/auth/login [32m200[0m 6.013 ms - 260[0m
2026-02-26T14:08:09.536Z [info]: [0mGET /api/gatepasses/director/pending [32m200[0m 2.621 ms - 412[0m
2026-02-26T14:08:09.548Z [info]: [0mGET /api/gatepasses/director/pending [36m304[0m 7.937 ms - -[0m
2026-02-26T14:08:18.149Z [info]: [0mGET /api/gatepasses/1 [32m200[0m 7.375 ms - 595[0m
2026-02-26T14:08:18.153Z [info]: [0mGET /api/gatepasses/1/history [32m200[0m 4.476 ms - 415[0m
2026-02-26T14:08:18.164Z [info]: [0mGET /api/gatepasses/1/history [36m304[0m 4.125 ms - -[0m
2026-02-26T14:08:18.166Z [info]: [0mGET /api/gatepasses/1 [36m304[0m 10.992 ms - -[0m
2026-02-26T14:08:27.011Z [info]: [0mGET /api/gatepasses/director/pending [36m304[0m 2.789 ms - -[0m
2026-02-26T14:08:27.029Z [info]: [0mGET /api/gatepasses/director/pending [36m304[0m 9.557 ms - -[0m
2026-02-26T14:08:29.385Z [info]: [0mPOST /api/gatepasses/director/1/approve [32m200[0m 20.462 ms - 436[0m
2026-02-26T14:08:29.394Z [info]: [0mGET /api/gatepasses/director/pending [32m200[0m 3.301 ms - 2[0m
2026-02-26T14:08:42.556Z [info]: [0mPOST /api/auth/login [32m200[0m 6.788 ms - 266[0m
2026-02-26T14:08:42.574Z [info]: [0mGET /api/gatepasses/security/pending [32m200[0m 4.670 ms - 415[0m
2026-02-26T14:08:42.585Z [info]: [0mGET /api/gatepasses/security/pending [36m304[0m 5.153 ms - -[0m
2026-02-26T14:08:52.403Z [info]: [0mGET /api/gatepasses/1/history [32m200[0m 2.631 ms - 622[0m
2026-02-26T14:08:52.407Z [info]: [0mGET /api/gatepasses/1 [32m200[0m 8.442 ms - 598[0m
2026-02-26T14:08:52.417Z [info]: [0mGET /api/gatepasses/1/history [36m304[0m 7.567 ms - -[0m
2026-02-26T14:08:52.444Z [info]: [0mGET /api/gatepasses/1 [36m304[0m 21.956 ms - -[0m
2026-02-26T14:08:57.421Z [info]: [0mGET /api/gatepasses/security/pending [36m304[0m 5.107 ms - -[0m
2026-02-26T14:08:57.429Z [info]: [0mGET /api/gatepasses/security/pending [36m304[0m 4.133 ms - -[0m
2026-02-26T14:08:59.058Z [info]: [0mPOST /api/gatepasses/security/1/exit [32m200[0m 15.437 ms - 422[0m
2026-02-26T14:08:59.066Z [info]: [0mGET /api/gatepasses/security/pending [32m200[0m 4.313 ms - 2[0m
2026-02-26T14:09:15.242Z [info]: [0mPOST /api/auth/login [32m200[0m 14.410 ms - 255[0m
2026-02-26T14:09:15.259Z [info]: [0mGET /api/gatepasses/mine [32m200[0m 3.123 ms - 373[0m
2026-02-26T14:09:15.264Z [info]: [0mGET /api/gatepasses/mine [36m304[0m 2.911 ms - -[0m
2026-02-26T14:09:23.506Z [info]: [0mGET /api/gatepasses/1/history [32m200[0m 6.004 ms - 832[0m
2026-02-26T14:09:23.509Z [info]: [0mGET /api/gatepasses/1 [32m200[0m 12.365 ms - 584[0m
2026-02-26T14:09:23.519Z [info]: [0mGET /api/gatepasses/1/history [36m304[0m 6.122 ms - -[0m
2026-02-26T14:09:23.529Z [info]: [0mGET /api/gatepasses/1 [36m304[0m 13.651 ms - -[0m
2026-02-26T14:09:38.098Z [info]: [0mGET /api/gatepasses/mine [36m304[0m 3.192 ms - -[0m
2026-02-26T14:09:38.106Z [info]: [0mGET /api/gatepasses/mine [36m304[0m 4.609 ms - -[0m
2026-02-27T09:07:33.214Z [info]: [0mPOST /api/auth/login [32m200[0m 107.269 ms - 255[0m
2026-02-27T09:07:33.295Z [info]: [0mGET /api/gatepasses/mine [32m200[0m 47.327 ms - 373[0m
2026-02-27T09:07:33.310Z [info]: [0mGET /api/gatepasses/mine [36m304[0m 10.863 ms - -[0m
2026-02-27T09:07:45.505Z [info]: [0mGET /api/gatepasses/1 [32m200[0m 55.577 ms - 584[0m
2026-02-27T09:07:45.513Z [info]: [0mGET /api/gatepasses/1/history [32m200[0m 28.273 ms - 832[0m
2026-02-27T09:07:45.526Z [info]: [0mGET /api/gatepasses/1 [36m304[0m 17.947 ms - -[0m
2026-02-27T09:07:45.530Z [info]: [0mGET /api/gatepasses/1/history [36m304[0m 9.643 ms - -[0m
2026-02-27T09:08:19.810Z [info]: [0mPOST /api/auth/login [32m200[0m 5.232 ms - 254[0m
2026-02-27T09:08:19.891Z [info]: [0mGET /api/admin/users [32m200[0m 13.245 ms - 684[0m
2026-02-27T09:08:19.904Z [info]: [0mGET /api/admin/users [36m304[0m 8.219 ms - -[0m
2026-02-27T09:08:30.166Z [info]: [0mGET /api/admin/stats [32m200[0m 8.660 ms - 74[0m
2026-02-27T09:08:35.942Z [info]: [0mGET /api/admin/reports/summary [32m200[0m 3.648 ms - 49[0m
2026-02-27T09:08:35.949Z [info]: [0mGET /api/admin/reports/daily [32m200[0m 16.490 ms - 65[0m
2026-02-27T09:08:35.959Z [info]: [0mGET /api/admin/reports/by-client [32m200[0m 23.877 ms - 105[0m
